<?xml version="1.0" encoding="UTF-8"?>
<!-- Generated by org.testng.reporters.JUnitXMLReporter -->
<testsuite hostname="DESKTOP-MDDLMQ2" ignored="19" name="MMAdminTest_Login_Module" tests="9" failures="0" timestamp="05 May 2022 18:36:35 GMT" time="63.741" errors="0">
  <testcase name="MMAdmin_TC_1_001" time="2.086" classname="com.stylopay.MMAdmin.testCases.login.MMAdmin_TC_1_001_Login_ValidateEmailAndPassword"/>
  <testcase name="MMAdmin_TC_1_002" time="2.242" classname="com.stylopay.MMAdmin.testCases.login.MMAdmin_TC_1_002_Login_LoginWithInvalidEmail"/>
  <testcase name="MMAdmin_TC_1_004" time="0.979" classname="com.stylopay.MMAdmin.testCases.login.MMAdmin_TC_1_004_Login_EmailFieldValidation"/>
  <testcase name="MMAdmin_TC_005" time="0.986" classname="com.stylopay.MMAdmin.testCases.login.MMAdmin_TC_1_005_Login_PasswordFieldValidation"/>
  <testcase name="MMAdmin_TC_1_006" time="0.277" classname="com.stylopay.MMAdmin.testCases.login.MMAdmin_TC_1_006_Login_CheckPasswordMasking"/>
  <testcase name="MMAdmin_TC_1_007" time="2.296" classname="com.stylopay.MMAdmin.testCases.login.MMAdmin_TC_1_007_Login_LoginWithUnregisteredEmail"/>
  <testcase name="MMAdmin_TC_008" time="2.417" classname="com.stylopay.MMAdmin.testCases.login.MMAdmin_TC_1_008_Login_LoginWithCorrectEmailAndWrongPwd"/>
  <testcase name="MMAdmin_TC_009" time="4.211" classname="com.stylopay.MMAdmin.testCases.login.MMAdmin_TC_1_009_Login_LoginWithCorrectEmailAndPwd"/>
  <testcase name="MMAdmin_TC_010" time="3.36" classname="com.stylopay.MMAdmin.testCases.login.MMAdmin_TC_1_010_Login_LoginWithCorrectEmailAndPwdByPressingEnterKey"/>
  <testcase name="loginDDT" time="0.0" classname="com.stylopay.MMAdmin.testCases.login.TC_LoginDDT_002">
    <ignored/>
  </testcase> <!-- loginDDT -->
  <testcase name="@AfterTest endTest" time="0.0" classname="com.stylopay.MMAdmin.utilities.Reporting">
    <ignored/>
  </testcase> <!-- @AfterTest endTest -->
  <testcase name="@AfterTest endTest" time="0.0" classname="com.stylopay.MMAdmin.utilities.Reporting">
    <ignored/>
  </testcase> <!-- @AfterTest endTest -->
  <testcase name="@AfterTest endTest" time="0.0" classname="com.stylopay.MMAdmin.utilities.Reporting">
    <ignored/>
  </testcase> <!-- @AfterTest endTest -->
  <testcase name="@AfterTest endTest" time="0.0" classname="com.stylopay.MMAdmin.utilities.Reporting">
    <ignored/>
  </testcase> <!-- @AfterTest endTest -->
  <testcase name="@AfterTest endTest" time="0.0" classname="com.stylopay.MMAdmin.utilities.Reporting">
    <ignored/>
  </testcase> <!-- @AfterTest endTest -->
  <testcase name="@AfterTest endTest" time="0.0" classname="com.stylopay.MMAdmin.utilities.Reporting">
    <ignored/>
  </testcase> <!-- @AfterTest endTest -->
  <testcase name="@AfterTest endTest" time="0.0" classname="com.stylopay.MMAdmin.utilities.Reporting">
    <ignored/>
  </testcase> <!-- @AfterTest endTest -->
  <testcase name="@AfterTest endTest" time="0.0" classname="com.stylopay.MMAdmin.utilities.Reporting">
    <ignored/>
  </testcase> <!-- @AfterTest endTest -->
  <testcase name="@AfterTest endTest" time="0.0" classname="com.stylopay.MMAdmin.utilities.Reporting">
    <ignored/>
  </testcase> <!-- @AfterTest endTest -->
  <testcase name="@BeforeTest initialiseReport" time="0.0" classname="com.stylopay.MMAdmin.utilities.Reporting">
    <ignored/>
  </testcase> <!-- @BeforeTest initialiseReport -->
  <testcase name="@BeforeTest initialiseReport" time="0.0" classname="com.stylopay.MMAdmin.utilities.Reporting">
    <ignored/>
  </testcase> <!-- @BeforeTest initialiseReport -->
  <testcase name="@BeforeTest initialiseReport" time="0.0" classname="com.stylopay.MMAdmin.utilities.Reporting">
    <ignored/>
  </testcase> <!-- @BeforeTest initialiseReport -->
  <testcase name="@BeforeTest initialiseReport" time="0.0" classname="com.stylopay.MMAdmin.utilities.Reporting">
    <ignored/>
  </testcase> <!-- @BeforeTest initialiseReport -->
  <testcase name="@BeforeTest initialiseReport" time="0.0" classname="com.stylopay.MMAdmin.utilities.Reporting">
    <ignored/>
  </testcase> <!-- @BeforeTest initialiseReport -->
  <testcase name="@BeforeTest initialiseReport" time="0.0" classname="com.stylopay.MMAdmin.utilities.Reporting">
    <ignored/>
  </testcase> <!-- @BeforeTest initialiseReport -->
  <testcase name="@BeforeTest initialiseReport" time="0.0" classname="com.stylopay.MMAdmin.utilities.Reporting">
    <ignored/>
  </testcase> <!-- @BeforeTest initialiseReport -->
  <testcase name="@BeforeTest initialiseReport" time="0.0" classname="com.stylopay.MMAdmin.utilities.Reporting">
    <ignored/>
  </testcase> <!-- @BeforeTest initialiseReport -->
  <testcase name="@BeforeTest initialiseReport" time="0.0" classname="com.stylopay.MMAdmin.utilities.Reporting">
    <ignored/>
  </testcase> <!-- @BeforeTest initialiseReport -->
</testsuite> <!-- MMAdminTest_Login_Module -->
