<?xml version="1.0" encoding="UTF-8"?>
<!-- Generated by org.testng.reporters.JUnitXMLReporter -->
<testsuite hostname="DESKTOP-MDDLMQ2" ignored="24" name="MMAdminTest" tests="1" failures="0" timestamp="01 May 2022 15:38:03 GMT" time="13.594" errors="0">
  <testcase name="MMAdmin_TC_009" time="6.751" classname="com.stylopay.MMAdmin.testCases.login.MMAdmin_TC_009_Login_LoginWithCorrectEmailAndPwd"/>
  <testcase name="MMAdmin_TC_006" time="0.0" classname="com.stylopay.MMAdmin.testCases.login.MMAdmin_TC_006_Login_CheckPasswordMasking">
    <ignored/>
  </testcase> <!-- MMAdmin_TC_006 -->
  <testcase name="MMAdmin_TC_004" time="0.0" classname="com.stylopay.MMAdmin.testCases.login.MMAdmin_TC_004_Login_EmailFieldValidation">
    <ignored/>
  </testcase> <!-- MMAdmin_TC_004 -->
  <testcase name="MMAdmin_TC_005" time="0.0" classname="com.stylopay.MMAdmin.testCases.login.MMAdmin_TC_005_Login_PasswordFieldValidation">
    <ignored/>
  </testcase> <!-- MMAdmin_TC_005 -->
  <testcase name="MMAdmin_TC_002" time="0.0" classname="com.stylopay.MMAdmin.testCases.login.MMAdmin_TC_008_Login_LoginWithCorrectEmailAndWrongPwd">
    <ignored/>
  </testcase> <!-- MMAdmin_TC_002 -->
  <testcase name="MMAdmin_TC_001" time="0.0" classname="com.stylopay.MMAdmin.testCases.login.MMAdmin_TC_001_Login_ValidateEmailAndPassword">
    <ignored/>
  </testcase> <!-- MMAdmin_TC_001 -->
  <testcase name="MMAdmin_TC_007" time="0.0" classname="com.stylopay.MMAdmin.testCases.login.MMAdmin_TC_007_Login_LoginWithUnregisteredEmail">
    <ignored/>
  </testcase> <!-- MMAdmin_TC_007 -->
  <testcase name="MMAdmin_TC_010" time="0.0" classname="com.stylopay.MMAdmin.testCases.login.MMAdmin_TC_010_Login_LoginWithCorrectEmailAndPwdByPressingEnterKey">
    <ignored/>
  </testcase> <!-- MMAdmin_TC_010 -->
  <testcase name="@AfterSuite endTest" time="0.0" classname="com.stylopay.MMAdmin.utilities.Reporting">
    <ignored/>
  </testcase> <!-- @AfterSuite endTest -->
  <testcase name="@AfterSuite endTest" time="0.0" classname="com.stylopay.MMAdmin.utilities.Reporting">
    <ignored/>
  </testcase> <!-- @AfterSuite endTest -->
  <testcase name="@AfterSuite endTest" time="0.0" classname="com.stylopay.MMAdmin.utilities.Reporting">
    <ignored/>
  </testcase> <!-- @AfterSuite endTest -->
  <testcase name="@AfterSuite endTest" time="0.0" classname="com.stylopay.MMAdmin.utilities.Reporting">
    <ignored/>
  </testcase> <!-- @AfterSuite endTest -->
  <testcase name="@AfterSuite endTest" time="0.0" classname="com.stylopay.MMAdmin.utilities.Reporting">
    <ignored/>
  </testcase> <!-- @AfterSuite endTest -->
  <testcase name="@AfterSuite endTest" time="0.0" classname="com.stylopay.MMAdmin.utilities.Reporting">
    <ignored/>
  </testcase> <!-- @AfterSuite endTest -->
  <testcase name="@AfterSuite endTest" time="0.0" classname="com.stylopay.MMAdmin.utilities.Reporting">
    <ignored/>
  </testcase> <!-- @AfterSuite endTest -->
  <testcase name="@AfterSuite endTest" time="0.0" classname="com.stylopay.MMAdmin.utilities.Reporting">
    <ignored/>
  </testcase> <!-- @AfterSuite endTest -->
  <testcase name="@BeforeSuite initialiseReport" time="0.0" classname="com.stylopay.MMAdmin.utilities.Reporting">
    <ignored/>
  </testcase> <!-- @BeforeSuite initialiseReport -->
  <testcase name="@BeforeSuite initialiseReport" time="0.0" classname="com.stylopay.MMAdmin.utilities.Reporting">
    <ignored/>
  </testcase> <!-- @BeforeSuite initialiseReport -->
  <testcase name="@BeforeSuite initialiseReport" time="0.0" classname="com.stylopay.MMAdmin.utilities.Reporting">
    <ignored/>
  </testcase> <!-- @BeforeSuite initialiseReport -->
  <testcase name="@BeforeSuite initialiseReport" time="0.0" classname="com.stylopay.MMAdmin.utilities.Reporting">
    <ignored/>
  </testcase> <!-- @BeforeSuite initialiseReport -->
  <testcase name="@BeforeSuite initialiseReport" time="0.0" classname="com.stylopay.MMAdmin.utilities.Reporting">
    <ignored/>
  </testcase> <!-- @BeforeSuite initialiseReport -->
  <testcase name="@BeforeSuite initialiseReport" time="0.0" classname="com.stylopay.MMAdmin.utilities.Reporting">
    <ignored/>
  </testcase> <!-- @BeforeSuite initialiseReport -->
  <testcase name="@BeforeSuite initialiseReport" time="0.0" classname="com.stylopay.MMAdmin.utilities.Reporting">
    <ignored/>
  </testcase> <!-- @BeforeSuite initialiseReport -->
  <testcase name="@BeforeSuite initialiseReport" time="0.0" classname="com.stylopay.MMAdmin.utilities.Reporting">
    <ignored/>
  </testcase> <!-- @BeforeSuite initialiseReport -->
  <testcase name="MMAdmin_TC_002" time="0.0" classname="com.stylopay.MMAdmin.testCases.login.MMAdmin_TC_002_Login_LoginWithInvalidEmail">
    <ignored/>
  </testcase> <!-- MMAdmin_TC_002 -->
</testsuite> <!-- MMAdminTest -->
