<?xml version="1.0" encoding="UTF-8"?>
<!-- Generated by org.testng.reporters.JUnitXMLReporter -->
<testsuite hostname="DESKTOP-MDDLMQ2" ignored="0" name="MMAdminTest_Dashboard" tests="3" failures="0" timestamp="2022-06-23T21:23:37 IST" time="27.036" errors="0">
  <testcase name="MMAdmin_TC_3_001" time="4.084" classname="com.stylopay.MMAdmin.testCases.dashboard.MMAdmin_TC_3_001_Dashboard_CheckDashboardMenu"/>
  <testcase name="MMAdmin_TC_3_002" time="3.423" classname="com.stylopay.MMAdmin.testCases.dashboard.MMAdmin_TC_3_002_Dashboard_ClickUserAccLogo"/>
  <testcase name="MMAdmin_TC_3_003" time="5.602" classname="com.stylopay.MMAdmin.testCases.dashboard.MMAdmin_TC_3_003_Dashboard_CheckPrefundBal"/>
</testsuite> <!-- MMAdminTest_Dashboard -->
