<?xml version="1.0" encoding="UTF-8"?>
<!-- Generated by org.testng.reporters.JUnitXMLReporter -->
<testsuite hostname="DESKTOP-MDDLMQ2" ignored="1" name="MMAdminTest_Login" tests="9" failures="0" timestamp="21 Jun 2022 12:13:49 GMT" time="56.326" errors="0">
  <testcase name="MMAdmin_TC_1_001" time="2.099" classname="com.stylopay.MMAdmin.testCases.login.MMAdmin_TC_1_001_Login_ValidateEmailAndPassword"/>
  <testcase name="MMAdmin_TC_1_002" time="2.078" classname="com.stylopay.MMAdmin.testCases.login.MMAdmin_TC_1_002_Login_LoginWithInvalidEmail"/>
  <testcase name="MMAdmin_TC_1_004" time="0.951" classname="com.stylopay.MMAdmin.testCases.login.MMAdmin_TC_1_004_Login_EmailFieldValidation"/>
  <testcase name="MMAdmin_TC_005" time="0.999" classname="com.stylopay.MMAdmin.testCases.login.MMAdmin_TC_1_005_Login_PasswordFieldValidation"/>
  <testcase name="MMAdmin_TC_1_006" time="0.245" classname="com.stylopay.MMAdmin.testCases.login.MMAdmin_TC_1_006_Login_CheckPasswordMasking"/>
  <testcase name="MMAdmin_TC_1_007" time="2.064" classname="com.stylopay.MMAdmin.testCases.login.MMAdmin_TC_1_007_Login_LoginWithUnregisteredEmail"/>
  <testcase name="MMAdmin_TC_008" time="2.684" classname="com.stylopay.MMAdmin.testCases.login.MMAdmin_TC_1_008_Login_LoginWithCorrectEmailAndWrongPwd"/>
  <testcase name="MMAdmin_TC_009" time="2.706" classname="com.stylopay.MMAdmin.testCases.login.MMAdmin_TC_1_009_Login_LoginWithCorrectEmailAndPwd"/>
  <testcase name="MMAdmin_TC_010" time="3.792" classname="com.stylopay.MMAdmin.testCases.login.MMAdmin_TC_1_010_Login_LoginWithCorrectEmailAndPwdByPressingEnterKey"/>
  <testcase name="loginDDT" time="0.0" classname="com.stylopay.MMAdmin.testCases.login.TC_LoginDDT_002">
    <ignored/>
  </testcase> <!-- loginDDT -->
</testsuite> <!-- MMAdminTest_Login -->
