<?xml version="1.0" encoding="UTF-8"?>
<!-- Generated by org.testng.reporters.JUnitXMLReporter -->
<testsuite hostname="DESKTOP-MDDLMQ2" ignored="10" tests="0" failures="0" timestamp="2022-06-23T21:23:10 IST" time="0.006" errors="0">
  <testcase name="MMAdmin_TC_008" time="0.0" classname="com.stylopay.MMAdmin.testCases.login.MMAdmin_TC_1_008_Login_LoginWithCorrectEmailAndWrongPwd">
    <ignored/>
  </testcase> <!-- MMAdmin_TC_008 -->
  <testcase name="MMAdmin_TC_009" time="0.0" classname="com.stylopay.MMAdmin.testCases.login.MMAdmin_TC_1_009_Login_LoginWithCorrectEmailAndPwd">
    <ignored/>
  </testcase> <!-- MMAdmin_TC_009 -->
  <testcase name="MMAdmin_TC_1_002" time="0.0" classname="com.stylopay.MMAdmin.testCases.login.MMAdmin_TC_1_002_Login_LoginWithInvalidEmail">
    <ignored/>
  </testcase> <!-- MMAdmin_TC_1_002 -->
  <testcase name="MMAdmin_TC_1_001" time="0.0" classname="com.stylopay.MMAdmin.testCases.login.MMAdmin_TC_1_001_Login_ValidateEmailAndPassword">
    <ignored/>
  </testcase> <!-- MMAdmin_TC_1_001 -->
  <testcase name="MMAdmin_TC_1_007" time="0.0" classname="com.stylopay.MMAdmin.testCases.login.MMAdmin_TC_1_007_Login_LoginWithUnregisteredEmail">
    <ignored/>
  </testcase> <!-- MMAdmin_TC_1_007 -->
  <testcase name="MMAdmin_TC_1_004" time="0.0" classname="com.stylopay.MMAdmin.testCases.login.MMAdmin_TC_1_004_Login_EmailFieldValidation">
    <ignored/>
  </testcase> <!-- MMAdmin_TC_1_004 -->
  <testcase name="MMAdmin_TC_005" time="0.0" classname="com.stylopay.MMAdmin.testCases.login.MMAdmin_TC_1_005_Login_PasswordFieldValidation">
    <ignored/>
  </testcase> <!-- MMAdmin_TC_005 -->
  <testcase name="MMAdmin_TC_010" time="0.0" classname="com.stylopay.MMAdmin.testCases.login.MMAdmin_TC_1_010_Login_LoginWithCorrectEmailAndPwdByPressingEnterKey">
    <ignored/>
  </testcase> <!-- MMAdmin_TC_010 -->
  <testcase name="loginDDT" time="0.0" classname="com.stylopay.MMAdmin.testCases.login.TC_LoginDDT_002">
    <ignored/>
  </testcase> <!-- loginDDT -->
  <testcase name="MMAdmin_TC_1_006" time="0.0" classname="com.stylopay.MMAdmin.testCases.login.MMAdmin_TC_1_006_Login_CheckPasswordMasking">
    <ignored/>
  </testcase> <!-- MMAdmin_TC_1_006 -->
</testsuite>
