<?xml version="1.0" encoding="UTF-8"?>
<!-- Generated by org.testng.reporters.JUnitXMLReporter -->
<testsuite hostname="DESKTOP-MDDLMQ2" ignored="0" name="MMAdminTest_Dashboard" tests="3" failures="0" timestamp="21 Jun 2022 12:18:26 GMT" time="23.107" errors="0">
  <testcase name="MMAdmin_TC_3_001" time="3.507" classname="com.stylopay.MMAdmin.testCases.dashboard.MMAdmin_TC_3_001_Dashboard_CheckDashboardMenu"/>
  <testcase name="MMAdmin_TC_3_002" time="3.573" classname="com.stylopay.MMAdmin.testCases.dashboard.MMAdmin_TC_3_002_Dashboard_ClickUserAccLogo"/>
  <testcase name="MMAdmin_TC_3_003" time="3.851" classname="com.stylopay.MMAdmin.testCases.dashboard.MMAdmin_TC_3_003_Dashboard_CheckPrefundBal"/>
</testsuite> <!-- MMAdminTest_Dashboard -->
