<?xml version="1.0" encoding="UTF-8"?>
<!-- Generated by org.testng.reporters.JUnitXMLReporter -->
<testsuite hostname="DESKTOP-MDDLMQ2" ignored="0" name="MMAdminTest_ForgotPwd" tests="26" failures="0" timestamp="21 Jun 2022 12:18:03 GMT" time="253.85" errors="0">
  <testcase name="MMAdmin_TC_2_001" time="0.683" classname="com.stylopay.MMAdmin.testCases.forgotPassword.MMAdmin_TC_2_001_ForgotPwd_ClkForgotPwdBtn"/>
  <testcase name="MMAdmin_TC_2_002" time="1.049" classname="com.stylopay.MMAdmin.testCases.forgotPassword.MMAdmin_TC_2_002_ForgotPwd_EmailFieldValidation"/>
  <testcase name="MMAdmin_TC_2_003" time="1.986" classname="com.stylopay.MMAdmin.testCases.forgotPassword.MMAdmin_TC_2_003_ForgotPwd_EnterInvalidEmail"/>
  <testcase name="MMAdmin_TC_2_004" time="2.055" classname="com.stylopay.MMAdmin.testCases.forgotPassword.MMAdmin_TC_2_004_ForgotPwd_EnterUnregisteredEmail"/>
  <testcase name="MMAdmin_TC_2_005" time="1.938" classname="com.stylopay.MMAdmin.testCases.forgotPassword.MMAdmin_TC_2_005_ForgotPwd_EnterRegisteredEmail"/>
  <testcase name="MMAdmin_TC_2_006" time="2.488" classname="com.stylopay.MMAdmin.testCases.forgotPassword.MMAdmin_TC_2_006_ResetPwd_OTPFieldValidationWithInvalidCharacters"/>
  <testcase name="MMAdmin_TC_2_007" time="2.741" classname="com.stylopay.MMAdmin.testCases.forgotPassword.MMAdmin_TC_2_007_ResetPwd_OTPFieldValidation"/>
  <testcase name="MMAdmin_TC_2_008" time="4.951" classname="com.stylopay.MMAdmin.testCases.forgotPassword.MMAdmin_TC_2_008_ResetPwd_EnterInvalidOTP"/>
  <testcase name="MMAdmin_TC_2_009" time="2.773" classname="com.stylopay.MMAdmin.testCases.forgotPassword.MMAdmin_TC_2_009_ResetPwd_NewPasswordFieldValidation"/>
  <testcase name="MMAdmin_TC_2_010" time="2.931" classname="com.stylopay.MMAdmin.testCases.forgotPassword.MMAdmin_TC_2_010_ResetPwd_EnterNewPwdWithoutLowercaseLetter"/>
  <testcase name="MMAdmin_TC_2_011" time="2.917" classname="com.stylopay.MMAdmin.testCases.forgotPassword.MMAdmin_TC_2_011_ResetPwd_EnterNewPwdWithoutUppercaseLetter"/>
  <testcase name="MMAdmin_TC_2_012" time="2.775" classname="com.stylopay.MMAdmin.testCases.forgotPassword.MMAdmin_TC_2_012_ResetPwd_EnterNewPwdWithoutNumber"/>
  <testcase name="MMAdmin_TC_2_013" time="3.782" classname="com.stylopay.MMAdmin.testCases.forgotPassword.MMAdmin_TC_2_013_ResetPwd_EnterNewPwdWithoutSpclCharacters"/>
  <testcase name="MMAdmin_TC_2_014" time="2.88" classname="com.stylopay.MMAdmin.testCases.forgotPassword.MMAdmin_TC_2_014_ResetPwd_EnterNewPwdOfLessthan8Characters"/>
  <testcase name="MMAdmin_TC_2_016" time="4.065" classname="com.stylopay.MMAdmin.testCases.forgotPassword.MMAdmin_TC_2_016_ResetPwd_EnterSpaceWithinNewPwd"/>
  <testcase name="MMAdmin_TC_2_017" time="3.715" classname="com.stylopay.MMAdmin.testCases.forgotPassword.MMAdmin_TC_2_017_ResetPwd_EnterPercentageCharacterWithinNewPwd"/>
  <testcase name="MMAdmin_TC_2_018" time="3.755" classname="com.stylopay.MMAdmin.testCases.forgotPassword.MMAdmin_TC_2_018_ResetPwd_EnterProperPwdButWrongOTP"/>
  <testcase name="MMAdmin_TC_2_019" time="2.65" classname="com.stylopay.MMAdmin.testCases.forgotPassword.MMAdmin_TC_2_019_ResetPwd_EnterTwoDiffPwdAtNewAndConfirmPwd"/>
  <testcase name="MMAdmin_TC_2_020" time="40.961" classname="com.stylopay.MMAdmin.testCases.forgotPassword.MMAdmin_TC_2_020_ResetPwd_EnterProperPwdAndCorrectOTP"/>
  <testcase name="MMAdmin_TC_2_021" time="2.363" classname="com.stylopay.MMAdmin.testCases.forgotPassword.MMAdmin_TC_2_021_ResetPwd_CheckNewPwdFldPwdMasking"/>
  <testcase name="MMAdmin_TC_2_022" time="2.398" classname="com.stylopay.MMAdmin.testCases.forgotPassword.MMAdmin_TC_2_022_ResetPwd_CheckCnfrmPwdFldPwdMasking"/>
  <testcase name="MMAdmin_TC_2_023" time="2.549" classname="com.stylopay.MMAdmin.testCases.forgotPassword.MMAdmin_TC_2_023_ResetPwd_LoginWithNewPwd"/>
  <testcase name="MMAdmin_TC_2_024" time="2.426" classname="com.stylopay.MMAdmin.testCases.forgotPassword.MMAdmin_TC_2_024_ResetPwd_LoginWithExpiredPwd"/>
  <testcase name="MMAdmin_TC_2_025" time="40.718" classname="com.stylopay.MMAdmin.testCases.forgotPassword.MMAdmin_TC_2_025_ResetPwd_ResetUserAccPwd"/>
  <testcase name="MMAdmin_TC_2_026" time="2.992" classname="com.stylopay.MMAdmin.testCases.forgotPassword.MMAdmin_TC_2_026_ResetPwd_CheckLoginBtnFeature"/>
  <testcase name="MMAdmin_TC_2_027" time="2.057" classname="com.stylopay.MMAdmin.testCases.forgotPassword.MMAdmin_TC_2_027_ForgotPwd_CheckLoginBtnFeature"/>
</testsuite> <!-- MMAdminTest_ForgotPwd -->
