<?xml version="1.0" encoding="UTF-8"?>
<!-- Generated by org.testng.reporters.JUnitXMLReporter -->
<testsuite hostname="DESKTOP-MDDLMQ2" ignored="26" tests="0" failures="0" timestamp="2022-06-23T21:23:10 IST" time="0.0" errors="0">
  <testcase name="MMAdmin_TC_2_004" time="0.0" classname="com.stylopay.MMAdmin.testCases.forgotPassword.MMAdmin_TC_2_004_ForgotPwd_EnterUnregisteredEmail">
    <ignored/>
  </testcase> <!-- MMAdmin_TC_2_004 -->
  <testcase name="MMAdmin_TC_2_020" time="0.0" classname="com.stylopay.MMAdmin.testCases.forgotPassword.MMAdmin_TC_2_020_ResetPwd_EnterProperPwdAndCorrectOTP">
    <ignored/>
  </testcase> <!-- MMAdmin_TC_2_020 -->
  <testcase name="MMAdmin_TC_2_017" time="0.0" classname="com.stylopay.MMAdmin.testCases.forgotPassword.MMAdmin_TC_2_017_ResetPwd_EnterPercentageCharacterWithinNewPwd">
    <ignored/>
  </testcase> <!-- MMAdmin_TC_2_017 -->
  <testcase name="MMAdmin_TC_2_027" time="0.0" classname="com.stylopay.MMAdmin.testCases.forgotPassword.MMAdmin_TC_2_027_ForgotPwd_CheckLoginBtnFeature">
    <ignored/>
  </testcase> <!-- MMAdmin_TC_2_027 -->
  <testcase name="MMAdmin_TC_2_025" time="0.0" classname="com.stylopay.MMAdmin.testCases.forgotPassword.MMAdmin_TC_2_025_ResetPwd_ResetUserAccPwd">
    <ignored/>
  </testcase> <!-- MMAdmin_TC_2_025 -->
  <testcase name="MMAdmin_TC_2_006" time="0.0" classname="com.stylopay.MMAdmin.testCases.forgotPassword.MMAdmin_TC_2_006_ResetPwd_OTPFieldValidationWithInvalidCharacters">
    <ignored/>
  </testcase> <!-- MMAdmin_TC_2_006 -->
  <testcase name="MMAdmin_TC_2_021" time="0.0" classname="com.stylopay.MMAdmin.testCases.forgotPassword.MMAdmin_TC_2_021_ResetPwd_CheckNewPwdFldPwdMasking">
    <ignored/>
  </testcase> <!-- MMAdmin_TC_2_021 -->
  <testcase name="MMAdmin_TC_2_007" time="0.0" classname="com.stylopay.MMAdmin.testCases.forgotPassword.MMAdmin_TC_2_007_ResetPwd_OTPFieldValidation">
    <ignored/>
  </testcase> <!-- MMAdmin_TC_2_007 -->
  <testcase name="MMAdmin_TC_2_001" time="0.0" classname="com.stylopay.MMAdmin.testCases.forgotPassword.MMAdmin_TC_2_001_ForgotPwd_ClkForgotPwdBtn">
    <ignored/>
  </testcase> <!-- MMAdmin_TC_2_001 -->
  <testcase name="MMAdmin_TC_2_010" time="0.0" classname="com.stylopay.MMAdmin.testCases.forgotPassword.MMAdmin_TC_2_010_ResetPwd_EnterNewPwdWithoutLowercaseLetter">
    <ignored/>
  </testcase> <!-- MMAdmin_TC_2_010 -->
  <testcase name="MMAdmin_TC_2_012" time="0.0" classname="com.stylopay.MMAdmin.testCases.forgotPassword.MMAdmin_TC_2_012_ResetPwd_EnterNewPwdWithoutNumber">
    <ignored/>
  </testcase> <!-- MMAdmin_TC_2_012 -->
  <testcase name="MMAdmin_TC_2_024" time="0.0" classname="com.stylopay.MMAdmin.testCases.forgotPassword.MMAdmin_TC_2_024_ResetPwd_LoginWithExpiredPwd">
    <ignored/>
  </testcase> <!-- MMAdmin_TC_2_024 -->
  <testcase name="MMAdmin_TC_2_023" time="0.0" classname="com.stylopay.MMAdmin.testCases.forgotPassword.MMAdmin_TC_2_023_ResetPwd_LoginWithNewPwd">
    <ignored/>
  </testcase> <!-- MMAdmin_TC_2_023 -->
  <testcase name="MMAdmin_TC_2_016" time="0.0" classname="com.stylopay.MMAdmin.testCases.forgotPassword.MMAdmin_TC_2_016_ResetPwd_EnterSpaceWithinNewPwd">
    <ignored/>
  </testcase> <!-- MMAdmin_TC_2_016 -->
  <testcase name="MMAdmin_TC_2_014" time="0.0" classname="com.stylopay.MMAdmin.testCases.forgotPassword.MMAdmin_TC_2_014_ResetPwd_EnterNewPwdOfLessthan8Characters">
    <ignored/>
  </testcase> <!-- MMAdmin_TC_2_014 -->
  <testcase name="MMAdmin_TC_2_013" time="0.0" classname="com.stylopay.MMAdmin.testCases.forgotPassword.MMAdmin_TC_2_013_ResetPwd_EnterNewPwdWithoutSpclCharacters">
    <ignored/>
  </testcase> <!-- MMAdmin_TC_2_013 -->
  <testcase name="MMAdmin_TC_2_003" time="0.0" classname="com.stylopay.MMAdmin.testCases.forgotPassword.MMAdmin_TC_2_003_ForgotPwd_EnterInvalidEmail">
    <ignored/>
  </testcase> <!-- MMAdmin_TC_2_003 -->
  <testcase name="MMAdmin_TC_2_009" time="0.0" classname="com.stylopay.MMAdmin.testCases.forgotPassword.MMAdmin_TC_2_009_ResetPwd_NewPasswordFieldValidation">
    <ignored/>
  </testcase> <!-- MMAdmin_TC_2_009 -->
  <testcase name="MMAdmin_TC_2_018" time="0.0" classname="com.stylopay.MMAdmin.testCases.forgotPassword.MMAdmin_TC_2_018_ResetPwd_EnterProperPwdButWrongOTP">
    <ignored/>
  </testcase> <!-- MMAdmin_TC_2_018 -->
  <testcase name="MMAdmin_TC_2_005" time="0.0" classname="com.stylopay.MMAdmin.testCases.forgotPassword.MMAdmin_TC_2_005_ForgotPwd_EnterRegisteredEmail">
    <ignored/>
  </testcase> <!-- MMAdmin_TC_2_005 -->
  <testcase name="MMAdmin_TC_2_011" time="0.0" classname="com.stylopay.MMAdmin.testCases.forgotPassword.MMAdmin_TC_2_011_ResetPwd_EnterNewPwdWithoutUppercaseLetter">
    <ignored/>
  </testcase> <!-- MMAdmin_TC_2_011 -->
  <testcase name="MMAdmin_TC_2_026" time="0.0" classname="com.stylopay.MMAdmin.testCases.forgotPassword.MMAdmin_TC_2_026_ResetPwd_CheckLoginBtnFeature">
    <ignored/>
  </testcase> <!-- MMAdmin_TC_2_026 -->
  <testcase name="MMAdmin_TC_2_002" time="0.0" classname="com.stylopay.MMAdmin.testCases.forgotPassword.MMAdmin_TC_2_002_ForgotPwd_EmailFieldValidation">
    <ignored/>
  </testcase> <!-- MMAdmin_TC_2_002 -->
  <testcase name="MMAdmin_TC_2_022" time="0.0" classname="com.stylopay.MMAdmin.testCases.forgotPassword.MMAdmin_TC_2_022_ResetPwd_CheckCnfrmPwdFldPwdMasking">
    <ignored/>
  </testcase> <!-- MMAdmin_TC_2_022 -->
  <testcase name="MMAdmin_TC_2_008" time="0.0" classname="com.stylopay.MMAdmin.testCases.forgotPassword.MMAdmin_TC_2_008_ResetPwd_EnterInvalidOTP">
    <ignored/>
  </testcase> <!-- MMAdmin_TC_2_008 -->
  <testcase name="MMAdmin_TC_2_019" time="0.0" classname="com.stylopay.MMAdmin.testCases.forgotPassword.MMAdmin_TC_2_019_ResetPwd_EnterTwoDiffPwdAtNewAndConfirmPwd">
    <ignored/>
  </testcase> <!-- MMAdmin_TC_2_019 -->
</testsuite>
